#
# There is insufficient memory for the Java Runtime Environment to continue.
# Native memory allocation (malloc) failed to allocate 341056 bytes for Chunk::new
# Possible reasons:
#   The system is out of physical RAM or swap space
#   In 32 bit mode, the process size limit was hit
# Possible solutions:
#   Reduce memory load on the system
#   Increase physical memory or swap space
#   Check if swap backing store is full
#   Use 64 bit Java on a 64 bit OS
#   Decrease Java heap size (-Xmx/-Xms)
#   Decrease number of Java threads
#   Decrease Java thread stack sizes (-Xss)
#   Set larger code cache with -XX:ReservedCodeCacheSize=
# This output file may be truncated or incomplete.
#
#  Out of Memory Error (allocation.cpp:390), pid=9164, tid=0x00000000000011c4
#
# JRE version: Java(TM) SE Runtime Environment (8.0_121-b13) (build 1.8.0_121-b13)
# Java VM: Java HotSpot(TM) 64-Bit Server VM (25.121-b13 mixed mode windows-amd64 compressed oops)
# Failed to write core dump. Minidumps are not enabled by default on client versions of Windows
#

---------------  T H R E A D  ---------------

Current thread (0x0000000017e6d000):  JavaThread "C2 CompilerThread1" daemon [_thread_in_native, id=4548, stack(0x00000000198d0000,0x00000000199d0000)]

Stack: [0x00000000198d0000,0x00000000199d0000]
[error occurred during error reporting (printing stack bounds), id 0xc0000005]

Native frames: (J=compiled Java code, j=interpreted, Vv=VM code, C=native code)


Current CompileTask:
C2:  19744 2141       4       javax.swing.text.GlyphPainter1::getBoundedPosition (68 bytes)


---------------  P R O C E S S  ---------------

Java Threads: ( => current thread )
  0x000000001bf40000 JavaThread "Image Fetcher 0" daemon [_thread_blocked, id=9268, stack(0x00000000241c0000,0x00000000242c0000)]
  0x00000000192fe800 JavaThread "Abandoned connection cleanup thread" daemon [_thread_blocked, id=6136, stack(0x0000000023ec0000,0x0000000023fc0000)]
  0x000000001ba13000 JavaThread "TimerQueue" daemon [_thread_blocked, id=7144, stack(0x0000000021010000,0x0000000021110000)]
  0x0000000019e60800 JavaThread "AWT-EventQueue-0" [_thread_blocked, id=10836, stack(0x000000001aeb0000,0x000000001afb0000)]
  0x00000000195a5000 JavaThread "AWT-Windows" daemon [_thread_in_native, id=8200, stack(0x000000001a7e0000,0x000000001a8e0000)]
  0x00000000195a1000 JavaThread "AWT-Shutdown" [_thread_blocked, id=9808, stack(0x000000001a6e0000,0x000000001a7e0000)]
  0x00000000195a0800 JavaThread "Java2D Disposer" daemon [_thread_blocked, id=9280, stack(0x000000001a570000,0x000000001a670000)]
  0x0000000019258800 JavaThread "Service Thread" daemon [_thread_blocked, id=7044, stack(0x0000000019ad0000,0x0000000019bd0000)]
  0x00000000191de800 JavaThread "C1 CompilerThread2" daemon [_thread_blocked, id=8712, stack(0x00000000199d0000,0x0000000019ad0000)]
=>0x0000000017e6d000 JavaThread "C2 CompilerThread1" daemon [_thread_in_native, id=4548, stack(0x00000000198d0000,0x00000000199d0000)]
  0x0000000017e6a800 JavaThread "C2 CompilerThread0" daemon [_thread_blocked, id=11040, stack(0x00000000197d0000,0x00000000198d0000)]
  0x0000000017e69800 JavaThread "Attach Listener" daemon [_thread_blocked, id=9544, stack(0x00000000196d0000,0x00000000197d0000)]
  0x0000000017e1d800 JavaThread "Signal Dispatcher" daemon [_thread_blocked, id=4680, stack(0x00000000195d0000,0x00000000196d0000)]
  0x00000000032bb000 JavaThread "Finalizer" daemon [_thread_blocked, id=10788, stack(0x0000000019060000,0x0000000019160000)]
  0x00000000032b2000 JavaThread "Reference Handler" daemon [_thread_blocked, id=9264, stack(0x0000000018f60000,0x0000000019060000)]
  0x00000000031c0800 JavaThread "main" [_thread_blocked, id=1880, stack(0x0000000001600000,0x0000000001700000)]

Other Threads:
  0x0000000017dd7800 VMThread [stack: 0x0000000018e60000,0x0000000018f60000] [id=7544]
  0x0000000019295000 WatcherThread [stack: 0x0000000019bd0000,0x0000000019cd0000] [id=4312]

VM state:not at safepoint (normal execution)

VM Mutex/Monitor currently owned by a thread: None

Heap:
 PSYoungGen      total 38400K, used 24731K [0x00000000d5d80000, 0x00000000d8800000, 0x0000000100000000)
  eden space 33280K, 59% used [0x00000000d5d80000,0x00000000d70ae490,0x00000000d7e00000)
  from space 5120K, 99% used [0x00000000d7e00000,0x00000000d82f8910,0x00000000d8300000)
  to   space 5120K, 0% used [0x00000000d8300000,0x00000000d8300000,0x00000000d8800000)
 ParOldGen       total 87552K, used 1898K [0x0000000081800000, 0x0000000086d80000, 0x00000000d5d80000)
  object space 87552K, 2% used [0x0000000081800000,0x00000000819dabc8,0x0000000086d80000)
 Metaspace       used 16300K, capacity 16554K, committed 16896K, reserved 1064960K
  class space    used 1875K, capacity 1938K, committed 2048K, reserved 1048576K

Card table byte_map: [0x0000000012680000,0x0000000012a80000] byte_map_base: 0x0000000012274000

Marking Bits: (ParMarkBitMap*) 0x000000006101b6d0
 Begin Bits: [0x0000000013130000, 0x00000000150d0000)
 End Bits:   [0x00000000150d0000, 0x0000000017070000)

Polling page: 0x0000000000de0000

CodeCache: size=245760Kb used=6835Kb max_used=6846Kb free=238924Kb
 bounds [0x00000000032c0000, 0x0000000003980000, 0x00000000122c0000]
 total_blobs=2643 nmethods=2063 adapters=491
 compilation: enabled

Compilation events (10 events):
Event: 19.691 Thread 0x00000000191de800 nmethod 2136 0x000000000394ded0 code [0x000000000394e020, 0x000000000394e130]
Event: 19.691 Thread 0x00000000191de800 2137       3       sun.util.locale.LocaleUtils::caseIgnoreMatch (73 bytes)
Event: 19.692 Thread 0x00000000191de800 nmethod 2137 0x0000000003970610 code [0x0000000003970820, 0x0000000003971458]
Event: 19.692 Thread 0x00000000191de800 2138       3       java.util.Collections::emptyList (4 bytes)
Event: 19.692 Thread 0x00000000191de800 nmethod 2138 0x000000000396b090 code [0x000000000396b1e0, 0x000000000396b310]
Event: 19.695 Thread 0x0000000017e6a800 2139       4       java.awt.Component::getFont_NoClientCode (29 bytes)
Event: 19.695 Thread 0x00000000191de800 2140       3       javax.swing.DefaultBoundedRangeModel::setRangeProperties (134 bytes)
Event: 19.696 Thread 0x00000000191de800 nmethod 2140 0x0000000003971a10 code [0x0000000003971b80, 0x0000000003971fe8]
Event: 19.696 Thread 0x0000000017e6a800 nmethod 2139 0x000000000396ae10 code [0x000000000396af60, 0x000000000396b008]
Event: 19.713 Thread 0x0000000017e6d000 2141       4       javax.swing.text.GlyphPainter1::getBoundedPosition (68 bytes)

GC Heap History (2 events):
Event: 15.419 GC heap before
{Heap before GC invocations=1 (full 0):
 PSYoungGen      total 38400K, used 33280K [0x00000000d5d80000, 0x00000000d8800000, 0x0000000100000000)
  eden space 33280K, 100% used [0x00000000d5d80000,0x00000000d7e00000,0x00000000d7e00000)
  from space 5120K, 0% used [0x00000000d8300000,0x00000000d8300000,0x00000000d8800000)
  to   space 5120K, 0% used [0x00000000d7e00000,0x00000000d7e00000,0x00000000d8300000)
 ParOldGen       total 87552K, used 0K [0x0000000081800000, 0x0000000086d80000, 0x00000000d5d80000)
  object space 87552K, 0% used [0x0000000081800000,0x0000000081800000,0x0000000086d80000)
 Metaspace       used 14096K, capacity 14292K, committed 14592K, reserved 1062912K
  class space    used 1646K, capacity 1705K, committed 1792K, reserved 1048576K
Event: 15.426 GC heap after
Heap after GC invocations=1 (full 0):
 PSYoungGen      total 38400K, used 5090K [0x00000000d5d80000, 0x00000000d8800000, 0x0000000100000000)
  eden space 33280K, 0% used [0x00000000d5d80000,0x00000000d5d80000,0x00000000d7e00000)
  from space 5120K, 99% used [0x00000000d7e00000,0x00000000d82f8910,0x00000000d8300000)
  to   space 5120K, 0% used [0x00000000d8300000,0x00000000d8300000,0x00000000d8800000)
 ParOldGen       total 87552K, used 1898K [0x0000000081800000, 0x0000000086d80000, 0x00000000d5d80000)
  object space 87552K, 2% used [0x0000000081800000,0x00000000819dabc8,0x0000000086d80000)
 Metaspace       used 14096K, capacity 14292K, committed 14592K, reserved 1062912K
  class space    used 1646K, capacity 1705K, committed 1792K, reserved 1048576K
}

Deoptimization events (10 events):
Event: 1.761 Thread 0x0000000019e60800 Uncommon trap: reason=class_check action=maybe_recompile pc=0x0000000003520f68 method=java.util.HashMap.getNode(ILjava/lang/Object;)Ljava/util/HashMap$Node; @ 59
Event: 1.761 Thread 0x0000000019e60800 Uncommon trap: reason=class_check action=maybe_recompile pc=0x0000000003520f68 method=java.util.HashMap.getNode(ILjava/lang/Object;)Ljava/util/HashMap$Node; @ 59
Event: 3.272 Thread 0x0000000019e60800 Uncommon trap: reason=unstable_if action=reinterpret pc=0x00000000035d118c method=sun.font.TrueTypeFont.getTableBuffer(I)Ljava/nio/ByteBuffer; @ 9
Event: 11.980 Thread 0x0000000019e60800 Uncommon trap: reason=unstable_if action=reinterpret pc=0x000000000368c6b8 method=sun.font.FontUtilities.isComplexCharCode(I)Z @ 11
Event: 15.311 Thread 0x0000000019e60800 Uncommon trap: reason=unstable_if action=reinterpret pc=0x00000000035662d0 method=java.lang.ThreadLocal$ThreadLocalMap.getEntry(Ljava/lang/ThreadLocal;)Ljava/lang/ThreadLocal$ThreadLocalMap$Entry; @ 21
Event: 15.319 Thread 0x00000000192fe800 Uncommon trap: reason=unstable_if action=reinterpret pc=0x0000000003506a40 method=java.lang.String.indexOf([CII[CIII)I @ 3
Event: 15.433 Thread 0x0000000019e60800 Uncommon trap: reason=unstable_if action=reinterpret pc=0x00000000036c0ac0 method=java.lang.ref.SoftReference.get()Ljava/lang/Object; @ 17
Event: 15.623 Thread 0x0000000019e60800 Uncommon trap: reason=unstable_if action=reinterpret pc=0x00000000036a35bc method=javax.swing.text.Utilities.getTabbedTextWidth(Ljavax/swing/text/View;Ljavax/swing/text/Segment;Ljava/awt/FontMetrics;ILjavax/swing/text/TabExpander;I[I)I @ 132
Event: 15.623 Thread 0x0000000019e60800 Uncommon trap: reason=unstable_if action=reinterpret pc=0x00000000036f581c method=sun.font.FileFontStrike.getGlyphAdvance(IZ)F @ 3
Event: 15.766 Thread 0x0000000019e60800 Uncommon trap: reason=unstable_if action=reinterpret pc=0x00000000036b9090 method=javax.swing.text.Utilities.getTabbedTextOffset(Ljavax/swing/text/View;Ljavax/swing/text/Segment;Ljava/awt/FontMetrics;IILjavax/swing/text/TabExpander;IZ[I)I @ 145

Internal exceptions (10 events):
Event: 0.038 Thread 0x00000000031c0800 Exception <a 'java/lang/NoSuchMethodError': Method sun.misc.Unsafe.prefetchRead(Ljava/lang/Object;J)V name or signature does not match> (0x00000000d5d87f90) thrown at [C:\re\workspace\8-2-build-windows-amd64-cygwin\jdk8u121\8372\hotspot\src\share\vm\prims
Event: 0.132 Thread 0x00000000031c0800 Exception <a 'java/security/PrivilegedActionException'> (0x00000000d5eef440) thrown at [C:\re\workspace\8-2-build-windows-amd64-cygwin\jdk8u121\8372\hotspot\src\share\vm\prims\jvm.cpp, line 1390]
Event: 0.132 Thread 0x00000000031c0800 Exception <a 'java/security/PrivilegedActionException'> (0x00000000d5eef650) thrown at [C:\re\workspace\8-2-build-windows-amd64-cygwin\jdk8u121\8372\hotspot\src\share\vm\prims\jvm.cpp, line 1390]
Event: 0.132 Thread 0x00000000031c0800 Exception <a 'java/security/PrivilegedActionException'> (0x00000000d5ef18d8) thrown at [C:\re\workspace\8-2-build-windows-amd64-cygwin\jdk8u121\8372\hotspot\src\share\vm\prims\jvm.cpp, line 1390]
Event: 0.132 Thread 0x00000000031c0800 Exception <a 'java/security/PrivilegedActionException'> (0x00000000d5ef1ae8) thrown at [C:\re\workspace\8-2-build-windows-amd64-cygwin\jdk8u121\8372\hotspot\src\share\vm\prims\jvm.cpp, line 1390]
Event: 0.143 Thread 0x00000000031c0800 Exception <a 'java/io/FileNotFoundException'> (0x00000000d5f14de0) thrown at [C:\re\workspace\8-2-build-windows-amd64-cygwin\jdk8u121\8372\hotspot\src\share\vm\prims\jni.cpp, line 709]
Event: 0.175 Thread 0x00000000031c0800 Exception <a 'java/lang/NoSuchFieldError': method resolution failed> (0x00000000d5fe2328) thrown at [C:\re\workspace\8-2-build-windows-amd64-cygwin\jdk8u121\8372\hotspot\src\share\vm\prims\methodHandles.cpp, line 1146]
Event: 0.177 Thread 0x00000000031c0800 Exception <a 'java/lang/NoSuchFieldError': method resolution failed> (0x00000000d5fef6f8) thrown at [C:\re\workspace\8-2-build-windows-amd64-cygwin\jdk8u121\8372\hotspot\src\share\vm\prims\methodHandles.cpp, line 1146]
Event: 0.219 Thread 0x00000000031c0800 Exception <a 'java/io/FileNotFoundException'> (0x00000000d6083f80) thrown at [C:\re\workspace\8-2-build-windows-amd64-cygwin\jdk8u121\8372\hotspot\src\share\vm\prims\jni.cpp, line 709]
Event: 15.311 Thread 0x0000000019e60800 Implicit null exception at 0x000000000356623b to 0x00000000035662b1

Events (10 events):
Event: 18.401 loading class _interface/ChangeMoneyInterface
Event: 18.401 loading class _interface/ChangeMoneyInterface done
Event: 18.412 Executing VM operation: RevokeBias
Event: 18.412 Executing VM operation: RevokeBias done
Event: 18.414 Executing VM operation: RevokeBias
Event: 18.414 Executing VM operation: RevokeBias done
Event: 18.414 Executing VM operation: RevokeBias
Event: 18.414 Executing VM operation: RevokeBias done
Event: 18.434 loading class _user/GetMoney
Event: 18.434 loading class _user/GetMoney done


Dynamic libraries:
0x00007ff685690000 - 0x00007ff6856c7000 	D:\JAVA\JDK\bin\javaw.exe
0x00007ff9b0bd0000 - 0x00007ff9b0da1000 	C:\WINDOWS\SYSTEM32\ntdll.dll
0x00007ff9af670000 - 0x00007ff9af71b000 	C:\WINDOWS\System32\KERNEL32.DLL
0x00007ff9ad130000 - 0x00007ff9ad34d000 	C:\WINDOWS\System32\KERNELBASE.dll
0x00007ff9b04e0000 - 0x00007ff9b0582000 	C:\WINDOWS\System32\ADVAPI32.dll
0x00007ff9afbe0000 - 0x00007ff9afc7e000 	C:\WINDOWS\System32\msvcrt.dll
0x00007ff9b0810000 - 0x00007ff9b0869000 	C:\WINDOWS\System32\sechost.dll
0x00007ff9b0870000 - 0x00007ff9b0991000 	C:\WINDOWS\System32\RPCRT4.dll
0x00007ff9b09a0000 - 0x00007ff9b0b05000 	C:\WINDOWS\System32\USER32.dll
0x00007ff9ad4f0000 - 0x00007ff9ad50e000 	C:\WINDOWS\System32\win32u.dll
0x00007ff9b0b90000 - 0x00007ff9b0bc4000 	C:\WINDOWS\System32\GDI32.dll
0x00007ff9ad5c0000 - 0x00007ff9ad742000 	C:\WINDOWS\System32\gdi32full.dll
0x00007ff9a1b10000 - 0x00007ff9a1d89000 	C:\WINDOWS\WinSxS\amd64_microsoft.windows.common-controls_6595b64144ccf1df_6.0.14393.447_none_42191651c6827bb3\COMCTL32.dll
0x00007ff9af720000 - 0x00007ff9af9e7000 	C:\WINDOWS\System32\combase.dll
0x00007ff9ad3f0000 - 0x00007ff9ad4e5000 	C:\WINDOWS\System32\ucrtbase.dll
0x00007ff9ad0c0000 - 0x00007ff9ad12a000 	C:\WINDOWS\System32\bcryptPrimitives.dll
0x00007ff9af9f0000 - 0x00007ff9afa1e000 	C:\WINDOWS\System32\IMM32.DLL
0x000000005ff70000 - 0x0000000060042000 	D:\JAVA\JDK\jre\bin\msvcr100.dll
0x0000000060800000 - 0x000000006109b000 	D:\JAVA\JDK\jre\bin\server\jvm.dll
0x00007ff9b0120000 - 0x00007ff9b0128000 	C:\WINDOWS\System32\PSAPI.DLL
0x00007ff9a0310000 - 0x00007ff9a0319000 	C:\WINDOWS\SYSTEM32\WSOCK32.dll
0x00007ff9ab4c0000 - 0x00007ff9ab4e3000 	C:\WINDOWS\SYSTEM32\WINMM.dll
0x00007ff9a2a90000 - 0x00007ff9a2a9a000 	C:\WINDOWS\SYSTEM32\VERSION.dll
0x00007ff9b0590000 - 0x00007ff9b05fa000 	C:\WINDOWS\System32\WS2_32.dll
0x00007ff9ab460000 - 0x00007ff9ab48b000 	C:\WINDOWS\SYSTEM32\winmmbase.dll
0x00007ff9ad750000 - 0x00007ff9ad792000 	C:\WINDOWS\System32\cfgmgr32.dll
0x00000000607f0000 - 0x00000000607ff000 	D:\JAVA\JDK\jre\bin\verify.dll
0x00000000607c0000 - 0x00000000607e9000 	D:\JAVA\JDK\jre\bin\java.dll
0x00000000607a0000 - 0x00000000607b6000 	D:\JAVA\JDK\jre\bin\zip.dll
0x00007ff9ae160000 - 0x00007ff9af669000 	C:\WINDOWS\System32\SHELL32.dll
0x00007ff9ada80000 - 0x00007ff9ae15a000 	C:\WINDOWS\System32\windows.storage.dll
0x00007ff9ad030000 - 0x00007ff9ad07c000 	C:\WINDOWS\System32\powrprof.dll
0x00007ff9b0b30000 - 0x00007ff9b0b82000 	C:\WINDOWS\System32\shlwapi.dll
0x00007ff9ad090000 - 0x00007ff9ad09f000 	C:\WINDOWS\System32\kernel.appcore.dll
0x00007ff9ad9d0000 - 0x00007ff9ada79000 	C:\WINDOWS\System32\shcore.dll
0x00007ff9ad0a0000 - 0x00007ff9ad0b4000 	C:\WINDOWS\System32\profapi.dll
0x000000005fdd0000 - 0x000000005ff68000 	D:\JAVA\JDK\jre\bin\awt.dll
0x00007ff9afb20000 - 0x00007ff9afbdf000 	C:\WINDOWS\System32\OLEAUT32.dll
0x00007ff9ad350000 - 0x00007ff9ad3ec000 	C:\WINDOWS\System32\msvcp_win.dll
0x00007ff9ab4f0000 - 0x00007ff9ab56a000 	C:\WINDOWS\SYSTEM32\apphelp.dll
0x00007ff9aae60000 - 0x00007ff9aae86000 	C:\WINDOWS\system32\DWMAPI.DLL
0x00007ff9ab790000 - 0x00007ff9ab825000 	C:\WINDOWS\system32\uxtheme.dll
0x00007ff99af30000 - 0x00007ff99b053000 	C:\WINDOWS\system32\opengl32.dll
0x00007ff99e6c0000 - 0x00007ff99e6ed000 	C:\WINDOWS\SYSTEM32\GLU32.dll
0x00007ff99adc0000 - 0x00007ff99aeb7000 	C:\WINDOWS\SYSTEM32\DDRAW.dll
0x00007ff9a44f0000 - 0x00007ff9a44f8000 	C:\WINDOWS\SYSTEM32\DCIMAN32.dll
0x00007ff9b0310000 - 0x00007ff9b046b000 	C:\WINDOWS\System32\MSCTF.dll
0x00007ff9b01d0000 - 0x00007ff9b0307000 	C:\WINDOWS\System32\ole32.dll
0x000000005fd80000 - 0x000000005fdc7000 	D:\JAVA\JDK\jre\bin\fontmanager.dll
0x0000000060780000 - 0x000000006079a000 	D:\JAVA\JDK\jre\bin\net.dll
0x00007ff9ac860000 - 0x00007ff9ac8bc000 	C:\WINDOWS\system32\mswsock.dll
0x0000000060760000 - 0x0000000060771000 	D:\JAVA\JDK\jre\bin\nio.dll
0x00007ff9b0130000 - 0x00007ff9b01cf000 	C:\WINDOWS\System32\clbcatq.dll
0x00007ff9a8ae0000 - 0x00007ff9a8c88000 	C:\WINDOWS\SYSTEM32\WindowsCodecs.dll
0x00007ff99dd30000 - 0x00007ff99dd79000 	C:\WINDOWS\system32\dataexchange.dll
0x00007ff9aa100000 - 0x00007ff9aa3b6000 	C:\WINDOWS\system32\d3d11.dll
0x00007ff9aaf80000 - 0x00007ff9ab0d1000 	C:\WINDOWS\system32\dcomp.dll
0x00007ff9abf90000 - 0x00007ff9ac02f000 	C:\WINDOWS\system32\dxgi.dll
0x00007ff9aba60000 - 0x00007ff9abb7c000 	C:\WINDOWS\system32\twinapi.appcore.dll
0x00007ff9acbe0000 - 0x00007ff9acc0b000 	C:\WINDOWS\system32\bcrypt.dll
0x000000005fd30000 - 0x000000005fd72000 	D:\JAVA\JDK\jre\bin\t2k.dll
0x00007ff992170000 - 0x00007ff99235a000 	C:\Windows\system32\sogoutsf.ime
0x00007ff9aa690000 - 0x00007ff9aa697000 	C:\Windows\system32\MSIMG32.dll
0x00007ff991100000 - 0x00007ff9919b4000 	C:\WINDOWS\system32\SogouPy.ime
0x00007ff9a95a0000 - 0x00007ff9a9605000 	C:\WINDOWS\SYSTEM32\OLEACC.dll
0x00007ff9ac410000 - 0x00007ff9ac442000 	C:\WINDOWS\SYSTEM32\ntmarta.dll
0x000000001e280000 - 0x000000001e35d000 	D:\sogou\data\SogouInput\8.4.0.1039\Resource.dll
0x00007ff98d8e0000 - 0x00007ff98db16000 	D:\sogou\data\SogouInput\Components\PicFace\1.0.0.1675\PicFace64.dll
0x000000005fd00000 - 0x000000005fd2a000 	D:\JAVA\JDK\jre\bin\dcpr.dll
0x000000005fcc0000 - 0x000000005fcf1000 	D:\JAVA\JDK\jre\bin\jpeg.dll

VM Arguments:
jvm_args: -Dfile.encoding=GBK 
java_command: _manager.Main
java_class_path (initial): E:\编程文件\Eclipse\www\Flight5.0_addPay\bin;E:\编程文件\Eclipse\www\Flight5.0_addPay\lib\mysql-connector-java-5.1.42-bin.jar
Launcher Type: SUN_STANDARD

Environment Variables:
JAVA_HOME=D:\JAVA\JDK
CLASSPATH=D:\JAVA\JDK\lib\dt.jar;D:\JAVA\JDK\lib\tools.jar
PATH=D:/JAVA/JDK/bin/../jre/bin/server;D:/JAVA/JDK/bin/../jre/bin;D:/JAVA/JDK/bin/../jre/lib/amd64;D:\JAVA\JDK\bin;D:\JAVA\JDK\jre\bin;C:\ProgramData\Oracle\Java\javapath;C:\WINDOWS\system32;C:\WINDOWS;C:\WINDOWS\System32\Wbem;C:\WINDOWS\System32\WindowsPowerShell\v1.0\;d:\quarters ii\data\quartus\bin;%USERPROFILE%\AppData\Local\Microsoft\WindowsApps;;D:\ModelSim\data\win32;C:\Users\14553\Desktop;
USERNAME=14553
OS=Windows_NT
PROCESSOR_IDENTIFIER=Intel64 Family 6 Model 69 Stepping 1, GenuineIntel



---------------  S Y S T E M  ---------------

OS: Windows 10.0 , 64 bit Build 14393 (10.0.14393.0)

CPU:total 4 (2 cores per cpu, 2 threads per core) family 6 model 69 stepping 1, cmov, cx8, fxsr, mmx, sse, sse2, sse3, ssse3, sse4.1, sse4.2, popcnt, avx, avx2, aes, clmul, erms, lzcnt, ht, tsc, tscinvbit, bmi1, bmi2

Memory: 4k page, physical 8282476k(2641728k free), swap 16043152k(4136k free)

vm_info: Java HotSpot(TM) 64-Bit Server VM (25.121-b13) for windows-amd64 JRE (1.8.0_121-b13), built on Dec 12 2016 18:21:36 by "java_re" with MS VC++ 10.0 (VS2010)

time: Sun May 07 18:32:42 2017
elapsed time: 19 seconds (0d 0h 0m 19s)

